{"level":"error","message":"Erro ao chamar API de resposta: Error: File does not exist. Check to make sure the file path to your csv is correct.","service":"user-service"}
{"level":"error","message":"Erro ao chamar API de resposta","service":"user-service"}
{"level":"error","message":"Erro ao chamar API de resposta","service":"user-service"}
{"level":"error","message":"Erro ao chamar API de resposta","service":"user-service"}
{"level":"error","message":"Erro ao chamar API de resposta","service":"user-service"}
{"level":"error","message":"Erro ao chamar API de resposta","service":"user-service"}
{"level":"error","message":"Erro ao chamar API de resposta","service":"user-service"}
{"level":"error","message":"Erro ao chamar API de resposta","service":"user-service"}
{"level":"error","message":"Erro ao chamar API de resposta","service":"user-service"}
{"level":"error","message":"Erro ao chamar API de resposta","service":"user-service"}
{"level":"error","message":"Erro ao chamar API de resposta","service":"user-service"}
{"level":"error","message":"Erro ao chamar API de resposta","service":"user-service"}
{"level":"error","message":"Erro ao chamar API de resposta","service":"user-service"}
{"level":"error","message":"Erro ao chamar API de resposta","service":"user-service"}
{"level":"error","message":"Erro ao chamar API de resposta","service":"user-service"}
{"level":"error","message":"Erro ao chamar API de resposta","service":"user-service"}
{"level":"error","message":"Erro ao chamar API de resposta","service":"user-service"}
{"level":"error","message":"Erro ao chamar API de resposta","service":"user-service"}
{"level":"error","message":"Erro ao chamar API de resposta","service":"user-service"}
{"level":"error","message":"Erro ao chamar API de resposta","service":"user-service"}
{"level":"error","message":"Erro ao chamar API de resposta","service":"user-service"}
{"level":"error","message":"Erro ao chamar API de resposta","service":"user-service"}
{"level":"error","message":"Erro ao chamar API de resposta","service":"user-service"}
{"level":"error","message":"Erro ao chamar API de resposta","service":"user-service"}
{"level":"error","message":"Erro ao chamar API de resposta","service":"user-service"}
{"level":"error","message":"Erro ao chamar API de resposta","service":"user-service"}
{"level":"error","message":"Erro ao chamar API de resposta: AxiosError: Request failed with status code 400","service":"user-service"}
{"level":"error","message":"Erro ao chamar API de resposta: AxiosError: Request failed with status code 400","service":"user-service"}
{"level":"error","message":"Erro ao chamar API de resposta: AxiosError: Request failed with status code 400","service":"user-service"}
{"level":"error","message":"Erro ao chamar API de resposta: AxiosError: Request failed with status code 400","service":"user-service"}
{"level":"error","message":"Erro ao chamar API de resposta: AxiosError: Request failed with status code 400","service":"user-service"}
{"level":"error","message":"Erro ao chamar API de resposta","service":"user-service"}
{"level":"error","message":"Erro ao chamar API de resposta: AxiosError: Request failed with status code 400","service":"user-service"}
{"level":"error","message":"Erro ao chamar API de resposta: AxiosError: Request failed with status code 400","service":"user-service"}
{"level":"error","message":"Erro ao chamar API de resposta: AxiosError: Request failed with status code 400","service":"user-service"}
{"level":"error","message":"Erro ao chamar API de resposta: AxiosError: Request failed with status code 400","service":"user-service"}
{"level":"error","message":"Erro ao chamar API de resposta: AxiosError: Request failed with status code 400","service":"user-service"}
{"level":"error","message":"Erro ao chamar API de resposta: AxiosError: Request failed with status code 400","service":"user-service"}
{"level":"error","message":"Erro ao chamar API de resposta: AxiosError: Request failed with status code 400","service":"user-service"}
{"level":"error","message":"Erro ao chamar API de resposta: AxiosError: Request failed with status code 400","service":"user-service"}
{"level":"error","message":"Erro ao chamar API de resposta: AxiosError: Request failed with status code 400","service":"user-service"}
{"level":"error","message":"Erro ao chamar API de resposta: AxiosError: Request failed with status code 400","service":"user-service"}
{"level":"error","message":"Erro ao chamar API de resposta: AxiosError: Request failed with status code 400","service":"user-service"}
{"level":"error","message":"Erro ao chamar API de resposta: AxiosError: Request failed with status code 400","service":"user-service"}
{"level":"error","message":"Erro ao chamar API de resposta: AxiosError: Request failed with status code 400","service":"user-service"}
{"level":"error","message":"Erro ao chamar API de resposta: AxiosError: Request failed with status code 400","service":"user-service"}
{"level":"error","message":"Erro ao chamar API de resposta: AxiosError: Request failed with status code 400","service":"user-service"}
{"level":"error","message":"Erro ao chamar API de resposta: AxiosError: Request failed with status code 400","service":"user-service"}
{"level":"error","message":"Erro ao chamar API de resposta: AxiosError: Request failed with status code 400","service":"user-service"}
{"level":"error","message":"Erro ao chamar API de resposta: AxiosError: Request failed with status code 400","service":"user-service"}
{"level":"error","message":"Erro ao chamar API de resposta: AxiosError: Request failed with status code 400","service":"user-service"}
{"level":"error","message":"Erro ao chamar API de resposta: AxiosError: Request failed with status code 400","service":"user-service"}
{"level":"error","message":"Erro ao chamar API de resposta: AxiosError: Request failed with status code 400","service":"user-service"}
{"level":"error","message":"Erro ao chamar API de resposta: AxiosError: Request failed with status code 400","service":"user-service"}
{"level":"error","message":"Erro ao chamar API de resposta: AxiosError: Request failed with status code 400","service":"user-service"}
{"level":"error","message":"Erro ao chamar API de resposta: AxiosError: Request failed with status code 400","service":"user-service"}
{"level":"error","message":"Erro ao chamar API de resposta: AxiosError: Request failed with status code 400","service":"user-service"}
{"level":"error","message":"Erro ao chamar API de resposta: AxiosError: Request failed with status code 400","service":"user-service"}
{"level":"error","message":"Erro ao chamar API de resposta: AxiosError: Request failed with status code 400","service":"user-service"}
{"level":"error","message":"Erro ao chamar API de resposta","service":"user-service"}
{"level":"error","message":"Erro ao chamar API de resposta","service":"user-service"}
{"level":"error","message":"Erro ao chamar API de resposta","service":"user-service"}
{"level":"error","message":"Erro ao chamar API de resposta","service":"user-service"}
{"level":"error","message":"Erro ao chamar API de resposta","service":"user-service"}
{"level":"error","message":"Erro ao chamar API de resposta","service":"user-service"}
{"level":"error","message":"Erro ao chamar API de resposta","service":"user-service"}
{"level":"error","message":"Erro ao chamar API de resposta: AxiosError: Request failed with status code 400","service":"user-service"}
{"level":"error","message":"Erro ao chamar API de resposta: AxiosError: Request failed with status code 400","service":"user-service"}
{"level":"error","message":"Erro ao chamar API de resposta: TypeError: response.end is not a function","service":"user-service"}
{"level":"error","message":"Erro ao chamar API de resposta: TypeError: response.end is not a function","service":"user-service"}
{"level":"error","message":"Erro ao chamar API de resposta: TypeError: response.end is not a function","service":"user-service"}
{"level":"error","message":"Erro ao chamar API de resposta: TypeError: response.end is not a function","service":"user-service"}
{"level":"error","message":"Erro ao chamar API de resposta","service":"user-service"}
{"level":"error","message":"Erro ao chamar API de resposta","service":"user-service"}
{"level":"error","message":"Erro ao chamar API de resposta: TypeError: Cannot read properties of undefined (reading 'toLowerCase')","service":"user-service"}
{"level":"error","message":"Erro ao chamar API de resposta: TypeError: Cannot read properties of undefined (reading 'toLowerCase')","service":"user-service"}
{"level":"error","message":"Erro ao chamar API de resposta: TypeError: Cannot read properties of undefined (reading 'toLowerCase')","service":"user-service"}
{"level":"error","message":"Erro ao chamar API de resposta: TypeError: Cannot read properties of undefined (reading 'toLowerCase')","service":"user-service"}
{"level":"error","message":"Erro ao chamar API de resposta: TypeError: Cannot read properties of undefined (reading 'toLowerCase')","service":"user-service"}
{"level":"error","message":"Erro ao chamar API de resposta: TypeError: Cannot read properties of undefined (reading 'toLowerCase')","service":"user-service"}
{"level":"error","message":"Erro ao chamar API de resposta: TypeError: Cannot read properties of undefined (reading 'toLowerCase')","service":"user-service"}
{"level":"error","message":"Erro ao chamar API de resposta: TypeError: Cannot read properties of undefined (reading 'toLowerCase')","service":"user-service"}
{"level":"error","message":"Erro ao chamar API de resposta: TypeError: Cannot read properties of undefined (reading 'toLowerCase')","service":"user-service"}
{"level":"error","message":"Erro ao chamar API de resposta: AxiosError: Request failed with status code 400","service":"user-service"}
{"level":"error","message":"Erro ao chamar API de resposta: AxiosError: Request failed with status code 400","service":"user-service"}
{"level":"error","message":"Erro ao chamar API de resposta: AxiosError: Request failed with status code 400","service":"user-service"}
{"level":"error","message":"Erro ao chamar API de resposta: AxiosError: Request failed with status code 400","service":"user-service"}
{"level":"error","message":"Erro ao chamar API de resposta: TypeError: Cannot read properties of undefined (reading 'toLowerCase')","service":"user-service"}
{"level":"error","message":"Erro ao chamar API de resposta: TypeError: Cannot read properties of undefined (reading 'toLowerCase')","service":"user-service"}
{"level":"error","message":"Erro ao chamar API de resposta: TypeError: Cannot read properties of undefined (reading 'toLowerCase')","service":"user-service"}
{"level":"error","message":"Erro ao chamar API de resposta: TypeError: Cannot read properties of undefined (reading 'toLowerCase')","service":"user-service"}
{"level":"error","message":"Erro ao chamar API de resposta: TypeError: Cannot read properties of undefined (reading 'toLowerCase')","service":"user-service"}
{"level":"error","message":"Erro ao chamar API de resposta","service":"user-service"}
{"level":"error","message":"Erro ao chamar API de resposta","service":"user-service"}
{"level":"error","message":"Erro ao chamar API de resposta","service":"user-service"}
{"level":"error","message":"Erro ao chamar API de resposta","service":"user-service"}
{"level":"error","message":"Erro ao chamar API de resposta: AxiosError: Request failed with status code 401","service":"user-service"}
{"level":"error","message":"Erro ao chamar API de resposta: AxiosError: Request failed with status code 401","service":"user-service"}
{"level":"error","message":"Erro ao chamar API de resposta: AxiosError: Request failed with status code 401","service":"user-service"}
{"level":"error","message":"Erro ao chamar API de resposta: ReferenceError: avgLogprob is not defined","service":"user-service"}
